<?xml version="1.0" encoding="UTF-8"?>
<!-- Generated by org.testng.reporters.JUnitReportReporter -->
<testsuite hostname="DESKTOP-LM6O8NF" failures="0" tests="1" name="variousConcepts.Learn_TestNG" time="2.694" errors="0" timestamp="2022-09-20T17:51:42 CDT" skipped="0">
  <testcase classname="variousConcepts.Learn_TestNG" name="learnTestNG" time="2.694"/>
  <system-out/>
</testsuite> <!-- variousConcepts.Learn_TestNG -->
