<?xml version="1.0" encoding="UTF-8"?>
<!-- Generated by org.testng.reporters.JUnitReportReporter -->
<testsuite hostname="DESKTOP-LM6O8NF" failures="0" tests="1" name="variousConcepts.Test_101" time="2.561" errors="0" timestamp="2022-09-20T17:51:54 CDT" skipped="0">
  <testcase classname="variousConcepts.Test_101" name="learnTestNG" time="2.561"/>
  <system-out/>
</testsuite> <!-- variousConcepts.Test_101 -->
