<?xml version="1.0" encoding="UTF-8"?>
<!-- Generated by org.testng.reporters.JUnitReportReporter -->
<testsuite hostname="DESKTOP-LM6O8NF" failures="0" tests="2" name="variousConcepts.Learn_Test101" time="3.774" errors="0" timestamp="2022-09-20T17:51:29 CDT" skipped="0">
  <testcase classname="variousConcepts.Learn_Test101" name="validtest2" time="2.330"/>
  <system-out/>
  <testcase classname="variousConcepts.Learn_Test101" name="validtest1" time="1.444"/>
  <system-out/>
</testsuite> <!-- variousConcepts.Learn_Test101 -->
